<?xml version="1.0" encoding="UTF-8"?>
<testsuite name="e1.AppTest" tests="5" skipped="0" failures="0" errors="0" timestamp="2023-11-18T20:55:48" hostname="Gianmarias-Air.fritz.box" time="0.061">
  <properties/>
  <testcase name="testTripletsToList()" classname="e1.AppTest" time="0.038"/>
  <testcase name="testSingleReplacer()" classname="e1.AppTest" time="0.005"/>
  <testcase name="testCumulativeToList()" classname="e1.AppTest" time="0.004"/>
  <testcase name="testTripletsToSum()" classname="e1.AppTest" time="0.002"/>
  <testcase name="testCountUntilZero()" classname="e1.AppTest" time="0.004"/>
  <system-out><![CDATA[java.lang.ArrayIndexOutOfBoundsException: Index 6 out of bounds for length 6
java.lang.ArrayIndexOutOfBoundsException: Index 6 out of bounds for length 6
java.lang.ArrayIndexOutOfBoundsException: Index 14 out of bounds for length 14
java.lang.ArrayIndexOutOfBoundsException: Index 7 out of bounds for length 7
]]></system-out>
  <system-err><![CDATA[]]></system-err>
</testsuite>
